---------------------------------------------------------------
[ 2020-05-09T20:44:07+08:00 ] 127.0.0.1 GET localhost:8000/index/user/login
[运行时间：0.148054s] [吞吐率：6.75req/s] [内存消耗：3,424.71kb] [文件加载：131]
[ info ] [ BEHAVIOR ] Run Closure @app_init [ RunTime:0.001070s ]
[ info ] [ CACHE ] INIT File
[ info ] [ BEHAVIOR ] Run \addons\cms\Cms @app_init [ RunTime:0.006873s ]
[ info ] [ BEHAVIOR ] Run \addons\epay\Epay @app_init [ RunTime:0.000040s ]
[ info ] [ BEHAVIOR ] Run Closure @app_init [ RunTime:0.000057s ]
[ info ] [ LANG ] /Users/a123/Desktop/weidown/web/thinkphp/lang/zh-cn.php
[ info ] [ ROUTE ] array (
  'type' => 'module',
  'module' => 
  array (
    0 => 'index',
    1 => 'user',
    2 => 'login',
  ),
)
[ info ] [ HEADER ] array (
  'cookie' => 'thinkphp_show_page_trace=0|0; PHPSESSID=bde8a2c29f74ba9659af2b6511cb88b3',
  'accept-language' => 'zh-CN,zh;q=0.9',
  'accept-encoding' => 'gzip, deflate, br',
  'referer' => 'http://localhost:8000/a/47.html',
  'sec-fetch-dest' => 'document',
  'sec-fetch-user' => '?1',
  'sec-fetch-mode' => 'navigate',
  'sec-fetch-site' => 'same-origin',
  'accept' => 'text/html,application/xhtml+xml,application/xml;q=0.9,image/webp,image/apng,*/*;q=0.8,application/signed-exchange;v=b3;q=0.9',
  'user-agent' => 'Mozilla/5.0 (Macintosh; Intel Mac OS X 10_15_2) AppleWebKit/537.36 (KHTML, like Gecko) Chrome/81.0.4044.129 Safari/537.36',
  'upgrade-insecure-requests' => '1',
  'connection' => 'keep-alive',
  'host' => 'localhost:8000',
  'content-type' => '',
  'content-length' => '',
)
[ info ] [ PARAM ] array (
)
[ info ] [ LANG ] /Users/a123/Desktop/weidown/web/public/../application/index/lang/zh-cn.php
[ info ] [ BEHAVIOR ] Run app\common\behavior\Common @module_init [ RunTime:0.004832s ]
[ info ] [ LANG ] /Users/a123/Desktop/weidown/web/public/../application/index/lang/zh-cn/user.php
[ info ] [ RUN ] app\index\controller\User->login[ /Users/a123/Desktop/weidown/web/application/index/controller/User.php ]
[ info ] [ VIEW ] /Users/a123/Desktop/weidown/web/public/../application/index/view/user/login.html [ array (
  0 => 'user',
  1 => 'site',
  2 => 'config',
  3 => 'url',
  4 => 'title',
) ]
[ info ] [ SESSION ] INIT array (
  'id' => '',
  'var_session_id' => '',
  'prefix' => 'think',
  'type' => '',
  'auto_start' => true,
)
[ info ] [ BEHAVIOR ] Run \addons\cms\Cms @view_filter [ RunTime:0.000040s ]
[ info ] [ LOG ] INIT File
---------------------------------------------------------------
[ 2020-05-09T20:44:08+08:00 ] 127.0.0.1 GET localhost:8000/index/ajax/lang?callback=define&controllername=user&v=1589028247
[运行时间：0.156256s] [吞吐率：6.40req/s] [内存消耗：3,030.30kb] [文件加载：128]
[ info ] [ BEHAVIOR ] Run Closure @app_init [ RunTime:0.000098s ]
[ info ] [ CACHE ] INIT File
[ info ] [ BEHAVIOR ] Run \addons\cms\Cms @app_init [ RunTime:0.006978s ]
[ info ] [ BEHAVIOR ] Run \addons\epay\Epay @app_init [ RunTime:0.000043s ]
[ info ] [ BEHAVIOR ] Run Closure @app_init [ RunTime:0.000066s ]
[ info ] [ LANG ] /Users/a123/Desktop/weidown/web/thinkphp/lang/zh-cn.php
[ info ] [ ROUTE ] array (
  'type' => 'module',
  'module' => 
  array (
    0 => 'index',
    1 => 'ajax',
    2 => 'lang',
  ),
)
[ info ] [ HEADER ] array (
  'cookie' => 'thinkphp_show_page_trace=0|0; PHPSESSID=bde8a2c29f74ba9659af2b6511cb88b3',
  'accept-language' => 'zh-CN,zh;q=0.9',
  'accept-encoding' => 'gzip, deflate, br',
  'referer' => 'http://localhost:8000/index/user/login',
  'sec-fetch-dest' => 'script',
  'sec-fetch-mode' => 'no-cors',
  'sec-fetch-site' => 'same-origin',
  'accept' => '*/*',
  'user-agent' => 'Mozilla/5.0 (Macintosh; Intel Mac OS X 10_15_2) AppleWebKit/537.36 (KHTML, like Gecko) Chrome/81.0.4044.129 Safari/537.36',
  'connection' => 'keep-alive',
  'host' => 'localhost:8000',
  'content-type' => '',
  'content-length' => '',
)
[ info ] [ PARAM ] array (
  'callback' => 'define',
  'controllername' => 'user',
  'v' => '1589028247',
)
[ info ] [ LANG ] /Users/a123/Desktop/weidown/web/public/../application/index/lang/zh-cn.php
[ info ] [ BEHAVIOR ] Run app\common\behavior\Common @module_init [ RunTime:0.004765s ]
[ info ] [ LANG ] /Users/a123/Desktop/weidown/web/public/../application/index/lang/zh-cn/ajax.php
[ info ] [ RUN ] app\index\controller\Ajax->lang[ /Users/a123/Desktop/weidown/web/application/index/controller/Ajax.php ]
[ info ] [ LANG ] /Users/a123/Desktop/weidown/web/public/../application/index/lang/zh-cn/user.php
[ info ] [ LOG ] INIT File
---------------------------------------------------------------
[ 2020-05-09T20:44:11+08:00 ] 127.0.0.1 GET localhost:8000/index/user/register.html?url=
[运行时间：0.047727s] [吞吐率：20.95req/s] [内存消耗：3,416.17kb] [文件加载：131]
[ info ] [ BEHAVIOR ] Run Closure @app_init [ RunTime:0.000018s ]
[ info ] [ CACHE ] INIT File
[ info ] [ BEHAVIOR ] Run \addons\cms\Cms @app_init [ RunTime:0.002586s ]
[ info ] [ BEHAVIOR ] Run \addons\epay\Epay @app_init [ RunTime:0.000051s ]
[ info ] [ BEHAVIOR ] Run Closure @app_init [ RunTime:0.000071s ]
[ info ] [ LANG ] /Users/a123/Desktop/weidown/web/thinkphp/lang/zh-cn.php
[ info ] [ ROUTE ] array (
  'type' => 'module',
  'module' => 
  array (
    0 => 'index',
    1 => 'user',
    2 => 'register',
  ),
)
[ info ] [ HEADER ] array (
  'cookie' => 'thinkphp_show_page_trace=0|0; thinkphp_show_page_trace=0|0; PHPSESSID=bde8a2c29f74ba9659af2b6511cb88b3',
  'accept-language' => 'zh-CN,zh;q=0.9',
  'accept-encoding' => 'gzip, deflate, br',
  'referer' => 'http://localhost:8000/index/user/login',
  'sec-fetch-dest' => 'document',
  'sec-fetch-user' => '?1',
  'sec-fetch-mode' => 'navigate',
  'sec-fetch-site' => 'same-origin',
  'accept' => 'text/html,application/xhtml+xml,application/xml;q=0.9,image/webp,image/apng,*/*;q=0.8,application/signed-exchange;v=b3;q=0.9',
  'user-agent' => 'Mozilla/5.0 (Macintosh; Intel Mac OS X 10_15_2) AppleWebKit/537.36 (KHTML, like Gecko) Chrome/81.0.4044.129 Safari/537.36',
  'upgrade-insecure-requests' => '1',
  'connection' => 'keep-alive',
  'host' => 'localhost:8000',
  'content-type' => '',
  'content-length' => '',
)
[ info ] [ PARAM ] array (
  'url' => '',
)
[ info ] [ LANG ] /Users/a123/Desktop/weidown/web/public/../application/index/lang/zh-cn.php
[ info ] [ BEHAVIOR ] Run app\common\behavior\Common @module_init [ RunTime:0.001720s ]
[ info ] [ LANG ] /Users/a123/Desktop/weidown/web/public/../application/index/lang/zh-cn/user.php
[ info ] [ RUN ] app\index\controller\User->register[ /Users/a123/Desktop/weidown/web/application/index/controller/User.php ]
[ info ] [ VIEW ] /Users/a123/Desktop/weidown/web/public/../application/index/view/user/register.html [ array (
  0 => 'user',
  1 => 'site',
  2 => 'config',
  3 => 'captchaType',
  4 => 'url',
  5 => 'title',
) ]
[ info ] [ SESSION ] INIT array (
  'id' => '',
  'var_session_id' => '',
  'prefix' => 'think',
  'type' => '',
  'auto_start' => true,
)
[ info ] [ BEHAVIOR ] Run \addons\cms\Cms @view_filter [ RunTime:0.000050s ]
[ info ] [ LOG ] INIT File
---------------------------------------------------------------
[ 2020-05-09T20:44:11+08:00 ] 127.0.0.1 GET localhost:8000/captcha.html
[运行时间：0.065362s] [吞吐率：15.30req/s] [内存消耗：2,442.31kb] [文件加载：120]
[ info ] [ BEHAVIOR ] Run Closure @app_init [ RunTime:0.000021s ]
[ info ] [ CACHE ] INIT File
[ info ] [ BEHAVIOR ] Run \addons\cms\Cms @app_init [ RunTime:0.005142s ]
[ info ] [ BEHAVIOR ] Run \addons\epay\Epay @app_init [ RunTime:0.000062s ]
[ info ] [ BEHAVIOR ] Run Closure @app_init [ RunTime:0.000093s ]
[ info ] [ LANG ] /Users/a123/Desktop/weidown/web/thinkphp/lang/zh-cn.php
[ info ] [ ROUTE ] array (
  'type' => 'method',
  'method' => 
  array (
    0 => '\\think\\captcha\\CaptchaController',
    1 => 'index',
  ),
  'var' => 
  array (
  ),
)
[ info ] [ HEADER ] array (
  'cookie' => 'thinkphp_show_page_trace=0|0; PHPSESSID=bde8a2c29f74ba9659af2b6511cb88b3',
  'accept-language' => 'zh-CN,zh;q=0.9',
  'accept-encoding' => 'gzip, deflate, br',
  'referer' => 'http://localhost:8000/index/user/register.html?url=',
  'sec-fetch-dest' => 'image',
  'sec-fetch-mode' => 'no-cors',
  'sec-fetch-site' => 'same-origin',
  'accept' => 'image/webp,image/apng,image/*,*/*;q=0.8',
  'user-agent' => 'Mozilla/5.0 (Macintosh; Intel Mac OS X 10_15_2) AppleWebKit/537.36 (KHTML, like Gecko) Chrome/81.0.4044.129 Safari/537.36',
  'connection' => 'keep-alive',
  'host' => 'localhost:8000',
  'content-type' => '',
  'content-length' => '',
)
[ info ] [ PARAM ] array (
  'id' => NULL,
)
[ info ] [ RUN ] think\captcha\CaptchaController->index[ /Users/a123/Desktop/weidown/web/vendor/topthink/think-captcha/src/CaptchaController.php ]
[ info ] [ LOG ] INIT File
[ error ] [0]致命错误: Call to undefined function think\captcha\imagecreate()[/Users/a123/Desktop/weidown/web/vendor/topthink/think-captcha/src/Captcha.php:161]
---------------------------------------------------------------
[ 2020-05-09T20:44:11+08:00 ] 127.0.0.1 GET localhost:8000/index/ajax/lang?callback=define&controllername=user&v=1589028251
[运行时间：0.051304s] [吞吐率：19.49req/s] [内存消耗：3,030.30kb] [文件加载：128]
[ info ] [ BEHAVIOR ] Run Closure @app_init [ RunTime:0.000020s ]
[ info ] [ CACHE ] INIT File
[ info ] [ BEHAVIOR ] Run \addons\cms\Cms @app_init [ RunTime:0.002574s ]
[ info ] [ BEHAVIOR ] Run \addons\epay\Epay @app_init [ RunTime:0.000043s ]
[ info ] [ BEHAVIOR ] Run Closure @app_init [ RunTime:0.000063s ]
[ info ] [ LANG ] /Users/a123/Desktop/weidown/web/thinkphp/lang/zh-cn.php
[ info ] [ ROUTE ] array (
  'type' => 'module',
  'module' => 
  array (
    0 => 'index',
    1 => 'ajax',
    2 => 'lang',
  ),
)
[ info ] [ HEADER ] array (
  'cookie' => 'thinkphp_show_page_trace=0|0; PHPSESSID=bde8a2c29f74ba9659af2b6511cb88b3',
  'accept-language' => 'zh-CN,zh;q=0.9',
  'accept-encoding' => 'gzip, deflate, br',
  'referer' => 'http://localhost:8000/index/user/register.html?url=',
  'sec-fetch-dest' => 'script',
  'sec-fetch-mode' => 'no-cors',
  'sec-fetch-site' => 'same-origin',
  'accept' => '*/*',
  'user-agent' => 'Mozilla/5.0 (Macintosh; Intel Mac OS X 10_15_2) AppleWebKit/537.36 (KHTML, like Gecko) Chrome/81.0.4044.129 Safari/537.36',
  'connection' => 'keep-alive',
  'host' => 'localhost:8000',
  'content-type' => '',
  'content-length' => '',
)
[ info ] [ PARAM ] array (
  'callback' => 'define',
  'controllername' => 'user',
  'v' => '1589028251',
)
[ info ] [ LANG ] /Users/a123/Desktop/weidown/web/public/../application/index/lang/zh-cn.php
[ info ] [ BEHAVIOR ] Run app\common\behavior\Common @module_init [ RunTime:0.001996s ]
[ info ] [ LANG ] /Users/a123/Desktop/weidown/web/public/../application/index/lang/zh-cn/ajax.php
[ info ] [ RUN ] app\index\controller\Ajax->lang[ /Users/a123/Desktop/weidown/web/application/index/controller/Ajax.php ]
[ info ] [ LANG ] /Users/a123/Desktop/weidown/web/public/../application/index/lang/zh-cn/user.php
[ info ] [ LOG ] INIT File
---------------------------------------------------------------
[ 2020-05-09T20:44:12+08:00 ] 127.0.0.1 GET localhost:8000/index/user/login.html?url=
[运行时间：0.044257s] [吞吐率：22.60req/s] [内存消耗：3,123.11kb] [文件加载：129]
[ info ] [ BEHAVIOR ] Run Closure @app_init [ RunTime:0.000016s ]
[ info ] [ CACHE ] INIT File
[ info ] [ BEHAVIOR ] Run \addons\cms\Cms @app_init [ RunTime:0.002147s ]
[ info ] [ BEHAVIOR ] Run \addons\epay\Epay @app_init [ RunTime:0.000035s ]
[ info ] [ BEHAVIOR ] Run Closure @app_init [ RunTime:0.000052s ]
[ info ] [ LANG ] /Users/a123/Desktop/weidown/web/thinkphp/lang/zh-cn.php
[ info ] [ ROUTE ] array (
  'type' => 'module',
  'module' => 
  array (
    0 => 'index',
    1 => 'user',
    2 => 'login',
  ),
)
[ info ] [ HEADER ] array (
  'cookie' => 'thinkphp_show_page_trace=0|0; thinkphp_show_page_trace=0|0; PHPSESSID=bde8a2c29f74ba9659af2b6511cb88b3',
  'accept-language' => 'zh-CN,zh;q=0.9',
  'accept-encoding' => 'gzip, deflate, br',
  'referer' => 'http://localhost:8000/index/user/register.html?url=',
  'sec-fetch-dest' => 'document',
  'sec-fetch-user' => '?1',
  'sec-fetch-mode' => 'navigate',
  'sec-fetch-site' => 'same-origin',
  'accept' => 'text/html,application/xhtml+xml,application/xml;q=0.9,image/webp,image/apng,*/*;q=0.8,application/signed-exchange;v=b3;q=0.9',
  'user-agent' => 'Mozilla/5.0 (Macintosh; Intel Mac OS X 10_15_2) AppleWebKit/537.36 (KHTML, like Gecko) Chrome/81.0.4044.129 Safari/537.36',
  'upgrade-insecure-requests' => '1',
  'connection' => 'keep-alive',
  'host' => 'localhost:8000',
  'content-type' => '',
  'content-length' => '',
)
[ info ] [ PARAM ] array (
  'url' => '',
)
[ info ] [ LANG ] /Users/a123/Desktop/weidown/web/public/../application/index/lang/zh-cn.php
[ info ] [ BEHAVIOR ] Run app\common\behavior\Common @module_init [ RunTime:0.001105s ]
[ info ] [ LANG ] /Users/a123/Desktop/weidown/web/public/../application/index/lang/zh-cn/user.php
[ info ] [ RUN ] app\index\controller\User->login[ /Users/a123/Desktop/weidown/web/application/index/controller/User.php ]
[ info ] [ VIEW ] /Users/a123/Desktop/weidown/web/public/../application/index/view/user/login.html [ array (
  0 => 'user',
  1 => 'site',
  2 => 'config',
  3 => 'url',
  4 => 'title',
) ]
[ info ] [ SESSION ] INIT array (
  'id' => '',
  'var_session_id' => '',
  'prefix' => 'think',
  'type' => '',
  'auto_start' => true,
)
[ info ] [ BEHAVIOR ] Run \addons\cms\Cms @view_filter [ RunTime:0.000053s ]
[ info ] [ LOG ] INIT File
---------------------------------------------------------------
[ 2020-05-09T20:44:12+08:00 ] 127.0.0.1 GET localhost:8000/index/ajax/lang?callback=define&controllername=user&v=1589028252
[运行时间：0.067733s] [吞吐率：14.76req/s] [内存消耗：3,030.30kb] [文件加载：128]
[ info ] [ BEHAVIOR ] Run Closure @app_init [ RunTime:0.000044s ]
[ info ] [ CACHE ] INIT File
[ info ] [ BEHAVIOR ] Run \addons\cms\Cms @app_init [ RunTime:0.002520s ]
[ info ] [ BEHAVIOR ] Run \addons\epay\Epay @app_init [ RunTime:0.000038s ]
[ info ] [ BEHAVIOR ] Run Closure @app_init [ RunTime:0.000056s ]
[ info ] [ LANG ] /Users/a123/Desktop/weidown/web/thinkphp/lang/zh-cn.php
[ info ] [ ROUTE ] array (
  'type' => 'module',
  'module' => 
  array (
    0 => 'index',
    1 => 'ajax',
    2 => 'lang',
  ),
)
[ info ] [ HEADER ] array (
  'cookie' => 'thinkphp_show_page_trace=0|0; PHPSESSID=bde8a2c29f74ba9659af2b6511cb88b3',
  'accept-language' => 'zh-CN,zh;q=0.9',
  'accept-encoding' => 'gzip, deflate, br',
  'referer' => 'http://localhost:8000/index/user/login.html?url=',
  'sec-fetch-dest' => 'script',
  'sec-fetch-mode' => 'no-cors',
  'sec-fetch-site' => 'same-origin',
  'accept' => '*/*',
  'user-agent' => 'Mozilla/5.0 (Macintosh; Intel Mac OS X 10_15_2) AppleWebKit/537.36 (KHTML, like Gecko) Chrome/81.0.4044.129 Safari/537.36',
  'connection' => 'keep-alive',
  'host' => 'localhost:8000',
  'content-type' => '',
  'content-length' => '',
)
[ info ] [ PARAM ] array (
  'callback' => 'define',
  'controllername' => 'user',
  'v' => '1589028252',
)
[ info ] [ LANG ] /Users/a123/Desktop/weidown/web/public/../application/index/lang/zh-cn.php
[ info ] [ BEHAVIOR ] Run app\common\behavior\Common @module_init [ RunTime:0.002110s ]
[ info ] [ LANG ] /Users/a123/Desktop/weidown/web/public/../application/index/lang/zh-cn/ajax.php
[ info ] [ RUN ] app\index\controller\Ajax->lang[ /Users/a123/Desktop/weidown/web/application/index/controller/Ajax.php ]
[ info ] [ LANG ] /Users/a123/Desktop/weidown/web/public/../application/index/lang/zh-cn/user.php
[ info ] [ LOG ] INIT File
---------------------------------------------------------------
[ 2020-05-09T20:44:13+08:00 ] 127.0.0.1 GET localhost:8000/index/user/register.html?url=
[运行时间：0.052338s] [吞吐率：19.11req/s] [内存消耗：3,121.27kb] [文件加载：129]
[ info ] [ BEHAVIOR ] Run Closure @app_init [ RunTime:0.000028s ]
[ info ] [ CACHE ] INIT File
[ info ] [ BEHAVIOR ] Run \addons\cms\Cms @app_init [ RunTime:0.002979s ]
[ info ] [ BEHAVIOR ] Run \addons\epay\Epay @app_init [ RunTime:0.000042s ]
[ info ] [ BEHAVIOR ] Run Closure @app_init [ RunTime:0.000063s ]
[ info ] [ LANG ] /Users/a123/Desktop/weidown/web/thinkphp/lang/zh-cn.php
[ info ] [ ROUTE ] array (
  'type' => 'module',
  'module' => 
  array (
    0 => 'index',
    1 => 'user',
    2 => 'register',
  ),
)
[ info ] [ HEADER ] array (
  'cookie' => 'thinkphp_show_page_trace=0|0; thinkphp_show_page_trace=0|0; PHPSESSID=bde8a2c29f74ba9659af2b6511cb88b3',
  'accept-language' => 'zh-CN,zh;q=0.9',
  'accept-encoding' => 'gzip, deflate, br',
  'referer' => 'http://localhost:8000/index/user/login.html?url=',
  'sec-fetch-dest' => 'document',
  'sec-fetch-user' => '?1',
  'sec-fetch-mode' => 'navigate',
  'sec-fetch-site' => 'same-origin',
  'accept' => 'text/html,application/xhtml+xml,application/xml;q=0.9,image/webp,image/apng,*/*;q=0.8,application/signed-exchange;v=b3;q=0.9',
  'user-agent' => 'Mozilla/5.0 (Macintosh; Intel Mac OS X 10_15_2) AppleWebKit/537.36 (KHTML, like Gecko) Chrome/81.0.4044.129 Safari/537.36',
  'upgrade-insecure-requests' => '1',
  'connection' => 'keep-alive',
  'host' => 'localhost:8000',
  'content-type' => '',
  'content-length' => '',
)
[ info ] [ PARAM ] array (
  'url' => '',
)
[ info ] [ LANG ] /Users/a123/Desktop/weidown/web/public/../application/index/lang/zh-cn.php
[ info ] [ BEHAVIOR ] Run app\common\behavior\Common @module_init [ RunTime:0.001738s ]
[ info ] [ LANG ] /Users/a123/Desktop/weidown/web/public/../application/index/lang/zh-cn/user.php
[ info ] [ RUN ] app\index\controller\User->register[ /Users/a123/Desktop/weidown/web/application/index/controller/User.php ]
[ info ] [ VIEW ] /Users/a123/Desktop/weidown/web/public/../application/index/view/user/register.html [ array (
  0 => 'user',
  1 => 'site',
  2 => 'config',
  3 => 'captchaType',
  4 => 'url',
  5 => 'title',
) ]
[ info ] [ SESSION ] INIT array (
  'id' => '',
  'var_session_id' => '',
  'prefix' => 'think',
  'type' => '',
  'auto_start' => true,
)
[ info ] [ BEHAVIOR ] Run \addons\cms\Cms @view_filter [ RunTime:0.000045s ]
[ info ] [ LOG ] INIT File
---------------------------------------------------------------
[ 2020-05-09T20:44:13+08:00 ] 127.0.0.1 GET localhost:8000/captcha.html
[运行时间：0.053287s] [吞吐率：18.77req/s] [内存消耗：2,442.31kb] [文件加载：120]
[ info ] [ BEHAVIOR ] Run Closure @app_init [ RunTime:0.000025s ]
[ info ] [ CACHE ] INIT File
[ info ] [ BEHAVIOR ] Run \addons\cms\Cms @app_init [ RunTime:0.003188s ]
[ info ] [ BEHAVIOR ] Run \addons\epay\Epay @app_init [ RunTime:0.000324s ]
[ info ] [ BEHAVIOR ] Run Closure @app_init [ RunTime:0.000348s ]
[ info ] [ LANG ] /Users/a123/Desktop/weidown/web/thinkphp/lang/zh-cn.php
[ info ] [ ROUTE ] array (
  'type' => 'method',
  'method' => 
  array (
    0 => '\\think\\captcha\\CaptchaController',
    1 => 'index',
  ),
  'var' => 
  array (
  ),
)
[ info ] [ HEADER ] array (
  'cookie' => 'thinkphp_show_page_trace=0|0; PHPSESSID=bde8a2c29f74ba9659af2b6511cb88b3',
  'accept-language' => 'zh-CN,zh;q=0.9',
  'accept-encoding' => 'gzip, deflate, br',
  'referer' => 'http://localhost:8000/index/user/register.html?url=',
  'sec-fetch-dest' => 'image',
  'sec-fetch-mode' => 'no-cors',
  'sec-fetch-site' => 'same-origin',
  'accept' => 'image/webp,image/apng,image/*,*/*;q=0.8',
  'user-agent' => 'Mozilla/5.0 (Macintosh; Intel Mac OS X 10_15_2) AppleWebKit/537.36 (KHTML, like Gecko) Chrome/81.0.4044.129 Safari/537.36',
  'connection' => 'keep-alive',
  'host' => 'localhost:8000',
  'content-type' => '',
  'content-length' => '',
)
[ info ] [ PARAM ] array (
  'id' => NULL,
)
[ info ] [ RUN ] think\captcha\CaptchaController->index[ /Users/a123/Desktop/weidown/web/vendor/topthink/think-captcha/src/CaptchaController.php ]
[ info ] [ LOG ] INIT File
[ error ] [0]致命错误: Call to undefined function think\captcha\imagecreate()[/Users/a123/Desktop/weidown/web/vendor/topthink/think-captcha/src/Captcha.php:161]
---------------------------------------------------------------
[ 2020-05-09T20:44:13+08:00 ] 127.0.0.1 GET localhost:8000/index/ajax/lang?callback=define&controllername=user&v=1589028253
[运行时间：0.065243s] [吞吐率：15.33req/s] [内存消耗：3,030.30kb] [文件加载：128]
[ info ] [ BEHAVIOR ] Run Closure @app_init [ RunTime:0.000069s ]
[ info ] [ CACHE ] INIT File
[ info ] [ BEHAVIOR ] Run \addons\cms\Cms @app_init [ RunTime:0.004765s ]
[ info ] [ BEHAVIOR ] Run \addons\epay\Epay @app_init [ RunTime:0.000046s ]
[ info ] [ BEHAVIOR ] Run Closure @app_init [ RunTime:0.000067s ]
[ info ] [ LANG ] /Users/a123/Desktop/weidown/web/thinkphp/lang/zh-cn.php
[ info ] [ ROUTE ] array (
  'type' => 'module',
  'module' => 
  array (
    0 => 'index',
    1 => 'ajax',
    2 => 'lang',
  ),
)
[ info ] [ HEADER ] array (
  'cookie' => 'thinkphp_show_page_trace=0|0; PHPSESSID=bde8a2c29f74ba9659af2b6511cb88b3',
  'accept-language' => 'zh-CN,zh;q=0.9',
  'accept-encoding' => 'gzip, deflate, br',
  'referer' => 'http://localhost:8000/index/user/register.html?url=',
  'sec-fetch-dest' => 'script',
  'sec-fetch-mode' => 'no-cors',
  'sec-fetch-site' => 'same-origin',
  'accept' => '*/*',
  'user-agent' => 'Mozilla/5.0 (Macintosh; Intel Mac OS X 10_15_2) AppleWebKit/537.36 (KHTML, like Gecko) Chrome/81.0.4044.129 Safari/537.36',
  'connection' => 'keep-alive',
  'host' => 'localhost:8000',
  'content-type' => '',
  'content-length' => '',
)
[ info ] [ PARAM ] array (
  'callback' => 'define',
  'controllername' => 'user',
  'v' => '1589028253',
)
[ info ] [ LANG ] /Users/a123/Desktop/weidown/web/public/../application/index/lang/zh-cn.php
[ info ] [ BEHAVIOR ] Run app\common\behavior\Common @module_init [ RunTime:0.001704s ]
[ info ] [ LANG ] /Users/a123/Desktop/weidown/web/public/../application/index/lang/zh-cn/ajax.php
[ info ] [ RUN ] app\index\controller\Ajax->lang[ /Users/a123/Desktop/weidown/web/application/index/controller/Ajax.php ]
[ info ] [ LANG ] /Users/a123/Desktop/weidown/web/public/../application/index/lang/zh-cn/user.php
[ info ] [ LOG ] INIT File
---------------------------------------------------------------
[ 2020-05-09T20:44:14+08:00 ] 127.0.0.1 GET localhost:8000/index/user/login.html?url=
[运行时间：0.051971s] [吞吐率：19.24req/s] [内存消耗：3,123.11kb] [文件加载：129]
[ info ] [ BEHAVIOR ] Run Closure @app_init [ RunTime:0.000018s ]
[ info ] [ CACHE ] INIT File
[ info ] [ BEHAVIOR ] Run \addons\cms\Cms @app_init [ RunTime:0.003329s ]
[ info ] [ BEHAVIOR ] Run \addons\epay\Epay @app_init [ RunTime:0.000061s ]
[ info ] [ BEHAVIOR ] Run Closure @app_init [ RunTime:0.000088s ]
[ info ] [ LANG ] /Users/a123/Desktop/weidown/web/thinkphp/lang/zh-cn.php
[ info ] [ ROUTE ] array (
  'type' => 'module',
  'module' => 
  array (
    0 => 'index',
    1 => 'user',
    2 => 'login',
  ),
)
[ info ] [ HEADER ] array (
  'cookie' => 'thinkphp_show_page_trace=0|0; thinkphp_show_page_trace=0|0; PHPSESSID=bde8a2c29f74ba9659af2b6511cb88b3',
  'accept-language' => 'zh-CN,zh;q=0.9',
  'accept-encoding' => 'gzip, deflate, br',
  'referer' => 'http://localhost:8000/index/user/register.html?url=',
  'sec-fetch-dest' => 'document',
  'sec-fetch-user' => '?1',
  'sec-fetch-mode' => 'navigate',
  'sec-fetch-site' => 'same-origin',
  'accept' => 'text/html,application/xhtml+xml,application/xml;q=0.9,image/webp,image/apng,*/*;q=0.8,application/signed-exchange;v=b3;q=0.9',
  'user-agent' => 'Mozilla/5.0 (Macintosh; Intel Mac OS X 10_15_2) AppleWebKit/537.36 (KHTML, like Gecko) Chrome/81.0.4044.129 Safari/537.36',
  'upgrade-insecure-requests' => '1',
  'connection' => 'keep-alive',
  'host' => 'localhost:8000',
  'content-type' => '',
  'content-length' => '',
)
[ info ] [ PARAM ] array (
  'url' => '',
)
[ info ] [ LANG ] /Users/a123/Desktop/weidown/web/public/../application/index/lang/zh-cn.php
[ info ] [ BEHAVIOR ] Run app\common\behavior\Common @module_init [ RunTime:0.002396s ]
[ info ] [ LANG ] /Users/a123/Desktop/weidown/web/public/../application/index/lang/zh-cn/user.php
[ info ] [ RUN ] app\index\controller\User->login[ /Users/a123/Desktop/weidown/web/application/index/controller/User.php ]
[ info ] [ VIEW ] /Users/a123/Desktop/weidown/web/public/../application/index/view/user/login.html [ array (
  0 => 'user',
  1 => 'site',
  2 => 'config',
  3 => 'url',
  4 => 'title',
) ]
[ info ] [ SESSION ] INIT array (
  'id' => '',
  'var_session_id' => '',
  'prefix' => 'think',
  'type' => '',
  'auto_start' => true,
)
[ info ] [ BEHAVIOR ] Run \addons\cms\Cms @view_filter [ RunTime:0.000054s ]
[ info ] [ LOG ] INIT File
---------------------------------------------------------------
[ 2020-05-09T20:44:14+08:00 ] 127.0.0.1 GET localhost:8000/index/ajax/lang?callback=define&controllername=user&v=1589028254
[运行时间：0.060981s] [吞吐率：16.40req/s] [内存消耗：3,030.30kb] [文件加载：128]
[ info ] [ BEHAVIOR ] Run Closure @app_init [ RunTime:0.000029s ]
[ info ] [ CACHE ] INIT File
[ info ] [ BEHAVIOR ] Run \addons\cms\Cms @app_init [ RunTime:0.004684s ]
[ info ] [ BEHAVIOR ] Run \addons\epay\Epay @app_init [ RunTime:0.000061s ]
[ info ] [ BEHAVIOR ] Run Closure @app_init [ RunTime:0.000087s ]
[ info ] [ LANG ] /Users/a123/Desktop/weidown/web/thinkphp/lang/zh-cn.php
[ info ] [ ROUTE ] array (
  'type' => 'module',
  'module' => 
  array (
    0 => 'index',
    1 => 'ajax',
    2 => 'lang',
  ),
)
[ info ] [ HEADER ] array (
  'cookie' => 'thinkphp_show_page_trace=0|0; PHPSESSID=bde8a2c29f74ba9659af2b6511cb88b3',
  'accept-language' => 'zh-CN,zh;q=0.9',
  'accept-encoding' => 'gzip, deflate, br',
  'referer' => 'http://localhost:8000/index/user/login.html?url=',
  'sec-fetch-dest' => 'script',
  'sec-fetch-mode' => 'no-cors',
  'sec-fetch-site' => 'same-origin',
  'accept' => '*/*',
  'user-agent' => 'Mozilla/5.0 (Macintosh; Intel Mac OS X 10_15_2) AppleWebKit/537.36 (KHTML, like Gecko) Chrome/81.0.4044.129 Safari/537.36',
  'connection' => 'keep-alive',
  'host' => 'localhost:8000',
  'content-type' => '',
  'content-length' => '',
)
[ info ] [ PARAM ] array (
  'callback' => 'define',
  'controllername' => 'user',
  'v' => '1589028254',
)
[ info ] [ LANG ] /Users/a123/Desktop/weidown/web/public/../application/index/lang/zh-cn.php
[ info ] [ BEHAVIOR ] Run app\common\behavior\Common @module_init [ RunTime:0.002100s ]
[ info ] [ LANG ] /Users/a123/Desktop/weidown/web/public/../application/index/lang/zh-cn/ajax.php
[ info ] [ RUN ] app\index\controller\Ajax->lang[ /Users/a123/Desktop/weidown/web/application/index/controller/Ajax.php ]
[ info ] [ LANG ] /Users/a123/Desktop/weidown/web/public/../application/index/lang/zh-cn/user.php
[ info ] [ LOG ] INIT File
